<?xml version="1.0" encoding="UTF-8"?>
<!-- Generated by org.testng.reporters.JUnitReportReporter -->
<testsuite hostname="NJR-SEC-LAPTOP" failures="0" tests="2" name="testng.LoanTest" time="0.007" errors="0" timestamp="22 Nov 2023 16:39:53 GMT" skipped="0">
  <testcase classname="testng.LoanTest" name="tc00_Personalloantest" time="0.003"/>
  <testcase classname="testng.LoanTest" name="tc02_Carloantest" time="0.004"/>
</testsuite> <!-- testng.LoanTest -->
