<?xml version="1.0" encoding="UTF-8"?>
<!-- Generated by org.testng.reporters.JUnitReportReporter -->
<testsuite hostname="NJR-SEC-LAPTOP" failures="0" tests="1" name="testng.CardTest" time="0.009" errors="0" timestamp="22 Nov 2023 16:39:53 GMT" skipped="0">
  <testcase classname="testng.CardTest" name="TC01_Creditcardtest" time="0.009"/>
</testsuite> <!-- testng.CardTest -->
